<?xml version="1.0" encoding="UTF-8"?>
<!-- Generated by org.testng.reporters.JUnitReportReporter -->
<testsuite hostname="DESKTOP-RV1N74I" failures="0" tests="2" name="scripts.TestNGclass" time="0.021" errors="0" timestamp="2022-02-12T10:57:50 IST" skipped="0">
  <testcase classname="scripts.TestNGclass" name="runTest1" time="0.013"/>
  <system-out/>
  <testcase classname="scripts.TestNGclass" name="runTest2" time="0.008"/>
  <system-out/>
</testsuite> <!-- scripts.TestNGclass -->
