<?xml version="1.0" encoding="UTF-8"?>
<!-- Generated by org.testng.reporters.JUnitReportReporter -->
<testsuite hostname="DESKTOP-RV1N74I" failures="0" tests="5" name="scripts.TestNGclassChild" time="0.010" errors="0" timestamp="2022-02-08T15:28:38 IST" skipped="0">
  <testcase classname="scripts.TestNGclassChild" name="testcase1" time="0.004"/>
  <system-out/>
  <testcase classname="scripts.TestNGclassChild" name="testcase3" time="0.001"/>
  <system-out/>
  <testcase classname="scripts.TestNGclassChild" name="runTest2" time="0.001"/>
  <system-out/>
  <testcase classname="scripts.TestNGclassChild" name="runTest1" time="0.001"/>
  <system-out/>
  <testcase classname="scripts.TestNGclassChild" name="testcase2" time="0.003"/>
  <system-out/>
</testsuite> <!-- scripts.TestNGclassChild -->
