<?xml version="1.0" encoding="UTF-8"?>
<!-- Generated by org.testng.reporters.JUnitReportReporter -->
<testsuite hostname="DESKTOP-RV1N74I" failures="0" tests="1" name="scripts.TestCase1" time="0.000" errors="0" timestamp="2022-01-27T17:30:58 IST" skipped="1">
  <testcase classname="scripts.TestCase1" name="tc1" time="0.000">
    <skipped/>
  </testcase> <!-- tc1 -->
  <system-out/>
</testsuite> <!-- scripts.TestCase1 -->
